2018-04-14 10:38:04,316 INFO o.a.j.u.JMeterUtils: Setting Locale to en_EN
2018-04-14 10:38:04,697 INFO o.a.j.JMeter: Loading user properties from: /usr/local/Cellar/jmeter/4.0/libexec/bin/user.properties
2018-04-14 10:38:04,703 INFO o.a.j.JMeter: Loading system properties from: /usr/local/Cellar/jmeter/4.0/libexec/bin/system.properties
2018-04-14 10:38:04,728 INFO o.a.j.JMeter: Copyright (c) 1998-2018 The Apache Software Foundation
2018-04-14 10:38:04,728 INFO o.a.j.JMeter: Version 4.0 r1823414
2018-04-14 10:38:04,728 INFO o.a.j.JMeter: java.version=1.8.0_152-ea
2018-04-14 10:38:04,729 INFO o.a.j.JMeter: java.vm.name=Java HotSpot(TM) 64-Bit Server VM
2018-04-14 10:38:04,729 INFO o.a.j.JMeter: os.name=Mac OS X
2018-04-14 10:38:04,731 INFO o.a.j.JMeter: os.arch=x86_64
2018-04-14 10:38:04,731 INFO o.a.j.JMeter: os.version=10.13.4
2018-04-14 10:38:04,736 INFO o.a.j.JMeter: file.encoding=UTF-8
2018-04-14 10:38:04,736 INFO o.a.j.JMeter: Max memory     =1073741824
2018-04-14 10:38:04,737 INFO o.a.j.JMeter: Available Processors =4
2018-04-14 10:38:04,770 INFO o.a.j.JMeter: Default Locale=English (EN)
2018-04-14 10:38:04,771 INFO o.a.j.JMeter: JMeter  Locale=English (EN)
2018-04-14 10:38:04,778 INFO o.a.j.JMeter: JMeterHome=/usr/local/Cellar/jmeter/4.0/libexec
2018-04-14 10:38:04,778 INFO o.a.j.JMeter: user.dir  =/Users/sachinguleria/Projects/rest/src/main/webapp/app
2018-04-14 10:38:04,778 INFO o.a.j.JMeter: PWD       =/Users/sachinguleria/Projects/rest/src/main/webapp/app
2018-04-14 10:38:04,782 INFO o.a.j.JMeter: IP: 192.168.1.157 Name: Sachins-MBP.fios-router.home FullName: sachins-mbp.fios-router.home
2018-04-14 10:38:11,403 INFO o.a.j.g.a.LookAndFeelCommand: Installing Darcula LAF
2018-04-14 10:38:11,573 INFO o.a.j.g.a.LookAndFeelCommand: Using look and feel: com.bulenkov.darcula.DarculaLaf [Darcula]
2018-04-14 10:38:11,577 INFO o.a.j.JMeter: Setting LAF to: com.bulenkov.darcula.DarculaLaf
2018-04-14 10:38:11,909 INFO o.a.j.JMeter: Loaded icon properties from org/apache/jmeter/images/icon.properties
2018-04-14 10:38:15,759 INFO o.a.j.e.u.CompoundVariable: Note: Function class names must contain the string: '.functions.'
2018-04-14 10:38:15,760 INFO o.a.j.e.u.CompoundVariable: Note: Function class names must not contain the string: '.gui.'
2018-04-14 10:38:23,139 INFO o.a.j.p.h.s.HTTPSamplerBase: Parser for text/html is org.apache.jmeter.protocol.http.parser.LagartoBasedHtmlParser
2018-04-14 10:38:23,146 INFO o.a.j.p.h.s.HTTPSamplerBase: Parser for application/xhtml+xml is org.apache.jmeter.protocol.http.parser.LagartoBasedHtmlParser
2018-04-14 10:38:23,146 INFO o.a.j.p.h.s.HTTPSamplerBase: Parser for application/xml is org.apache.jmeter.protocol.http.parser.LagartoBasedHtmlParser
2018-04-14 10:38:23,148 INFO o.a.j.p.h.s.HTTPSamplerBase: Parser for text/xml is org.apache.jmeter.protocol.http.parser.LagartoBasedHtmlParser
2018-04-14 10:38:23,148 INFO o.a.j.p.h.s.HTTPSamplerBase: Parser for text/vnd.wap.wml is org.apache.jmeter.protocol.http.parser.RegexpHTMLParser
2018-04-14 10:38:23,148 INFO o.a.j.p.h.s.HTTPSamplerBase: Parser for text/css is org.apache.jmeter.protocol.http.parser.CssParser
2018-04-14 10:38:23,981 INFO o.a.j.e.KeyToolUtils: keytool found at 'keytool'
2018-04-14 10:38:23,982 INFO o.a.j.p.h.p.ProxyControl: HTTP(S) Test Script Recorder SSL Proxy will use keys that support embedded 3rd party resources in file /usr/local/Cellar/jmeter/4.0/libexec/bin/proxyserver.jks
2018-04-14 10:38:24,439 INFO o.a.j.s.FileServer: Default base='/Users/sachinguleria/Projects/rest/src/main/webapp/app'
2018-04-14 10:38:25,992 INFO o.a.j.s.SampleResult: Note: Sample TimeStamps are START times
2018-04-14 10:38:25,992 INFO o.a.j.s.SampleResult: sampleresult.default.encoding is set to ISO-8859-1
2018-04-14 10:38:25,993 INFO o.a.j.s.SampleResult: sampleresult.useNanoTime=true
2018-04-14 10:38:25,993 INFO o.a.j.s.SampleResult: sampleresult.nanoThreadSleep=5000
2018-04-14 10:38:36,176 INFO o.a.j.g.a.Load: Loading file: /Users/sachinguleria/Projects/rest/target/Movie Recommendation Portal Test Plan.jmx
2018-04-14 10:38:36,176 INFO o.a.j.s.FileServer: Set new base='/Users/sachinguleria/Projects/rest/target'
2018-04-14 10:38:36,545 INFO o.a.j.s.SaveService: Testplan (JMX) version: 2.2. Testlog (JTL) version: 2.2
2018-04-14 10:38:36,568 INFO o.a.j.s.SaveService: Using SaveService properties file encoding UTF-8
2018-04-14 10:38:36,571 INFO o.a.j.s.SaveService: Using SaveService properties version 4.0
2018-04-14 10:38:36,581 INFO o.a.j.s.SaveService: Loading file: /Users/sachinguleria/Projects/rest/target/Movie Recommendation Portal Test Plan.jmx
2018-04-14 10:38:36,623 INFO o.a.j.p.h.c.CookieManager: Settings: Delete null: true Check: true Allow variable: true Save: false Prefix: COOKIE_
2018-04-14 10:38:36,764 INFO o.a.j.s.FileServer: Set new base='/Users/sachinguleria/Projects/rest/target'
